running develop
running egg_info
writing mobile_robot.egg-info/PKG-INFO
writing dependency_links to mobile_robot.egg-info/dependency_links.txt
writing requirements to mobile_robot.egg-info/requires.txt
writing top-level names to mobile_robot.egg-info/top_level.txt
reading manifest file 'mobile_robot.egg-info/SOURCES.txt'
writing manifest file 'mobile_robot.egg-info/SOURCES.txt'
running build_ext
Creating /home/pouryajafari/ws_mobile/install/mobile_robot/lib/python3.12/site-packages/mobile-robot.egg-link (link to .)

Installed /home/pouryajafari/ws_mobile/build/mobile_robot
running symlink_data
symbolically linking /home/pouryajafari/ws_mobile/build/mobile_robot/resource/mobile_robot -> /home/pouryajafari/ws_mobile/install/mobile_robot/share/ament_index/resource_index/packages
symbolically linking /home/pouryajafari/ws_mobile/build/mobile_robot/package.xml -> /home/pouryajafari/ws_mobile/install/mobile_robot/share/mobile_robot
symbolically linking /home/pouryajafari/ws_mobile/build/mobile_robot/launch/rviz.launch.py -> /home/pouryajafari/ws_mobile/install/mobile_robot/share/mobile_robot/launch
symbolically linking /home/pouryajafari/ws_mobile/build/mobile_robot/launch/gazebo_model.launch.py -> /home/pouryajafari/ws_mobile/install/mobile_robot/share/mobile_robot/launch
symbolically linking /home/pouryajafari/ws_mobile/build/mobile_robot/model/robot.gazebo -> /home/pouryajafari/ws_mobile/install/mobile_robot/share/mobile_robot/model
symbolically linking /home/pouryajafari/ws_mobile/build/mobile_robot/model/robot.xacro -> /home/pouryajafari/ws_mobile/install/mobile_robot/share/mobile_robot/model
symbolically linking /home/pouryajafari/ws_mobile/build/mobile_robot/parameters/bridge_parameters.yaml -> /home/pouryajafari/ws_mobile/install/mobile_robot/share/mobile_robot/parameters
symbolically linking /home/pouryajafari/ws_mobile/build/mobile_robot/worlds/my_world.sdf -> /home/pouryajafari/ws_mobile/install/mobile_robot/share/mobile_robot/worlds
