[0.936s] Invoking command in '/home/pouryajafari/ws_mobile/src/mobile_robot': DEBUGINFOD_URLS=https://debuginfod.ubuntu.com PYTHONPATH=/home/pouryajafari/ws_mobile/build/mobile_robot/prefix_override:/usr/lib/python3/dist-packages/colcon_core/task/python/colcon_distutils_commands:/home/pouryajafari/ws_mobile/install/mobile_robot/lib/python3.12/site-packages:${PYTHONPATH} /usr/bin/python3 -W ignore:setup.py install is deprecated -W ignore:easy_install command is deprecated setup.py egg_info --egg-base ../../build/mobile_robot build --build-base /home/pouryajafari/ws_mobile/build/mobile_robot/build install --record /home/pouryajafari/ws_mobile/build/mobile_robot/install.log --single-version-externally-managed install_data
[1.256s] running egg_info
[1.281s] writing ../../build/mobile_robot/mobile_robot.egg-info/PKG-INFO
[1.281s] writing dependency_links to ../../build/mobile_robot/mobile_robot.egg-info/dependency_links.txt
[1.281s] writing requirements to ../../build/mobile_robot/mobile_robot.egg-info/requires.txt
[1.282s] writing top-level names to ../../build/mobile_robot/mobile_robot.egg-info/top_level.txt
[1.332s] reading manifest file '../../build/mobile_robot/mobile_robot.egg-info/SOURCES.txt'
[1.333s] writing manifest file '../../build/mobile_robot/mobile_robot.egg-info/SOURCES.txt'
[1.333s] running build
[1.333s] running build_py
[1.333s] running install
[1.340s] running install_lib
[1.364s] running install_data
[1.364s] copying model/robot.xacro -> /home/pouryajafari/ws_mobile/install/mobile_robot/share/mobile_robot/model
[1.365s] running install_egg_info
[1.391s] removing '/home/pouryajafari/ws_mobile/install/mobile_robot/lib/python3.12/site-packages/mobile_robot-0.0.0-py3.12.egg-info' (and everything under it)
[1.392s] Copying ../../build/mobile_robot/mobile_robot.egg-info to /home/pouryajafari/ws_mobile/install/mobile_robot/lib/python3.12/site-packages/mobile_robot-0.0.0-py3.12.egg-info
[1.393s] running install_scripts
[1.554s] writing list of installed files to '/home/pouryajafari/ws_mobile/build/mobile_robot/install.log'
[1.586s] Invoked command in '/home/pouryajafari/ws_mobile/src/mobile_robot' returned '0': DEBUGINFOD_URLS=https://debuginfod.ubuntu.com PYTHONPATH=/home/pouryajafari/ws_mobile/build/mobile_robot/prefix_override:/usr/lib/python3/dist-packages/colcon_core/task/python/colcon_distutils_commands:/home/pouryajafari/ws_mobile/install/mobile_robot/lib/python3.12/site-packages:${PYTHONPATH} /usr/bin/python3 -W ignore:setup.py install is deprecated -W ignore:easy_install command is deprecated setup.py egg_info --egg-base ../../build/mobile_robot build --build-base /home/pouryajafari/ws_mobile/build/mobile_robot/build install --record /home/pouryajafari/ws_mobile/build/mobile_robot/install.log --single-version-externally-managed install_data
