[1.460s] Invoking command in '/home/pouryajafari/ws_mobile/src/mobile_robot': DEBUGINFOD_URLS=https://debuginfod.ubuntu.com PYTHONPATH=/home/pouryajafari/ws_mobile/build/mobile_robot/prefix_override:/usr/lib/python3/dist-packages/colcon_core/task/python/colcon_distutils_commands:/home/pouryajafari/ws_mobile/install/mobile_robot/lib/python3.12/site-packages:${PYTHONPATH} /usr/bin/python3 -W ignore:setup.py install is deprecated -W ignore:easy_install command is deprecated setup.py egg_info --egg-base ../../build/mobile_robot build --build-base /home/pouryajafari/ws_mobile/build/mobile_robot/build install --record /home/pouryajafari/ws_mobile/build/mobile_robot/install.log --single-version-externally-managed install_data
[1.964s] running egg_info
[2.010s] writing ../../build/mobile_robot/mobile_robot.egg-info/PKG-INFO
[2.010s] writing dependency_links to ../../build/mobile_robot/mobile_robot.egg-info/dependency_links.txt
[2.010s] writing requirements to ../../build/mobile_robot/mobile_robot.egg-info/requires.txt
[2.011s] writing top-level names to ../../build/mobile_robot/mobile_robot.egg-info/top_level.txt
[2.097s] reading manifest file '../../build/mobile_robot/mobile_robot.egg-info/SOURCES.txt'
[2.099s] writing manifest file '../../build/mobile_robot/mobile_robot.egg-info/SOURCES.txt'
[2.099s] running build
[2.099s] running build_py
[2.099s] running install
[2.113s] running install_lib
[2.154s] running install_data
[2.154s] copying model/robot.gazebo -> /home/pouryajafari/ws_mobile/install/mobile_robot/share/mobile_robot/model
[2.154s] copying model/robot.xacro -> /home/pouryajafari/ws_mobile/install/mobile_robot/share/mobile_robot/model
[2.154s] copying parameters/bridge_parameters.yaml -> /home/pouryajafari/ws_mobile/install/mobile_robot/share/mobile_robot/parameters
[2.155s] running install_egg_info
[2.197s] removing '/home/pouryajafari/ws_mobile/install/mobile_robot/lib/python3.12/site-packages/mobile_robot-0.0.0-py3.12.egg-info' (and everything under it)
[2.197s] Copying ../../build/mobile_robot/mobile_robot.egg-info to /home/pouryajafari/ws_mobile/install/mobile_robot/lib/python3.12/site-packages/mobile_robot-0.0.0-py3.12.egg-info
[2.199s] running install_scripts
[2.459s] writing list of installed files to '/home/pouryajafari/ws_mobile/build/mobile_robot/install.log'
[2.507s] Invoked command in '/home/pouryajafari/ws_mobile/src/mobile_robot' returned '0': DEBUGINFOD_URLS=https://debuginfod.ubuntu.com PYTHONPATH=/home/pouryajafari/ws_mobile/build/mobile_robot/prefix_override:/usr/lib/python3/dist-packages/colcon_core/task/python/colcon_distutils_commands:/home/pouryajafari/ws_mobile/install/mobile_robot/lib/python3.12/site-packages:${PYTHONPATH} /usr/bin/python3 -W ignore:setup.py install is deprecated -W ignore:easy_install command is deprecated setup.py egg_info --egg-base ../../build/mobile_robot build --build-base /home/pouryajafari/ws_mobile/build/mobile_robot/build install --record /home/pouryajafari/ws_mobile/build/mobile_robot/install.log --single-version-externally-managed install_data
