[0.120s] DEBUG:colcon:Command line arguments: ['/usr/bin/colcon', 'build', '--symlink-install']
[0.120s] DEBUG:colcon:Parsed command line arguments: Namespace(log_base=None, log_level=None, verb_name='build', build_base='build', install_base='install', merge_install=False, symlink_install=True, test_result_base=None, continue_on_error=False, executor='parallel', parallel_workers=8, event_handlers=None, ignore_user_meta=False, metas=['./colcon.meta'], base_paths=['.'], packages_ignore=None, packages_ignore_regex=None, paths=None, packages_up_to=None, packages_up_to_regex=None, packages_above=None, packages_above_and_dependencies=None, packages_above_depth=None, packages_select_by_dep=None, packages_skip_by_dep=None, packages_skip_up_to=None, packages_select_build_failed=False, packages_skip_build_finished=False, packages_select_test_failures=False, packages_skip_test_passed=False, packages_select=None, packages_skip=None, packages_select_regex=None, packages_skip_regex=None, packages_start=None, packages_end=None, allow_overriding=[], cmake_args=None, cmake_target=None, cmake_target_skip_unavailable=False, cmake_clean_cache=False, cmake_clean_first=False, cmake_force_configure=False, ament_cmake_args=None, catkin_cmake_args=None, catkin_skip_building_tests=False, mixin_files=None, mixin=None, verb_parser=<colcon_mixin.mixin.mixin_argument.MixinArgumentDecorator object at 0x77ba55891730>, verb_extension=<colcon_core.verb.build.BuildVerb object at 0x77ba559adf10>, main=<bound method BuildVerb.main of <colcon_core.verb.build.BuildVerb object at 0x77ba559adf10>>, mixin_verb=('build',))
[0.161s] Level 1:colcon.colcon_core.package_discovery:discover_packages(colcon_meta) check parameters
[0.161s] Level 1:colcon.colcon_core.package_discovery:discover_packages(recursive) check parameters
[0.162s] Level 1:colcon.colcon_core.package_discovery:discover_packages(ignore) check parameters
[0.162s] Level 1:colcon.colcon_core.package_discovery:discover_packages(path) check parameters
[0.162s] Level 1:colcon.colcon_core.package_discovery:discover_packages(colcon_meta) discover
[0.162s] Level 1:colcon.colcon_core.package_discovery:discover_packages(recursive) discover
[0.162s] INFO:colcon.colcon_core.package_discovery:Crawling recursively for packages in '/home/pouryajafari/ws_mobile'
[0.162s] Level 1:colcon.colcon_core.package_identification:_identify(.) by extensions ['ignore', 'ignore_ament_install']
[0.162s] Level 1:colcon.colcon_core.package_identification:_identify(.) by extension 'ignore'
[0.162s] Level 1:colcon.colcon_core.package_identification:_identify(.) by extension 'ignore_ament_install'
[0.162s] Level 1:colcon.colcon_core.package_identification:_identify(.) by extensions ['colcon_pkg']
[0.162s] Level 1:colcon.colcon_core.package_identification:_identify(.) by extension 'colcon_pkg'
[0.162s] Level 1:colcon.colcon_core.package_identification:_identify(.) by extensions ['colcon_meta']
[0.162s] Level 1:colcon.colcon_core.package_identification:_identify(.) by extension 'colcon_meta'
[0.162s] Level 1:colcon.colcon_core.package_identification:_identify(.) by extensions ['ros']
[0.162s] Level 1:colcon.colcon_core.package_identification:_identify(.) by extension 'ros'
[0.189s] Level 1:colcon.colcon_core.package_identification:_identify(.) by extensions ['cmake', 'python']
[0.189s] Level 1:colcon.colcon_core.package_identification:_identify(.) by extension 'cmake'
[0.189s] Level 1:colcon.colcon_core.package_identification:_identify(.) by extension 'python'
[0.189s] Level 1:colcon.colcon_core.package_identification:_identify(.) by extensions ['python_setup_py']
[0.189s] Level 1:colcon.colcon_core.package_identification:_identify(.) by extension 'python_setup_py'
[0.189s] Level 1:colcon.colcon_core.package_identification:_identify(build) by extensions ['ignore', 'ignore_ament_install']
[0.189s] Level 1:colcon.colcon_core.package_identification:_identify(build) by extension 'ignore'
[0.189s] Level 1:colcon.colcon_core.package_identification:_identify(build) ignored
[0.189s] Level 1:colcon.colcon_core.package_identification:_identify(install) by extensions ['ignore', 'ignore_ament_install']
[0.190s] Level 1:colcon.colcon_core.package_identification:_identify(install) by extension 'ignore'
[0.190s] Level 1:colcon.colcon_core.package_identification:_identify(install) ignored
[0.190s] Level 1:colcon.colcon_core.package_identification:_identify(log) by extensions ['ignore', 'ignore_ament_install']
[0.190s] Level 1:colcon.colcon_core.package_identification:_identify(log) by extension 'ignore'
[0.190s] Level 1:colcon.colcon_core.package_identification:_identify(log) ignored
[0.190s] Level 1:colcon.colcon_core.package_identification:_identify(src) by extensions ['ignore', 'ignore_ament_install']
[0.190s] Level 1:colcon.colcon_core.package_identification:_identify(src) by extension 'ignore'
[0.190s] Level 1:colcon.colcon_core.package_identification:_identify(src) by extension 'ignore_ament_install'
[0.190s] Level 1:colcon.colcon_core.package_identification:_identify(src) by extensions ['colcon_pkg']
[0.190s] Level 1:colcon.colcon_core.package_identification:_identify(src) by extension 'colcon_pkg'
[0.190s] Level 1:colcon.colcon_core.package_identification:_identify(src) by extensions ['colcon_meta']
[0.190s] Level 1:colcon.colcon_core.package_identification:_identify(src) by extension 'colcon_meta'
[0.190s] Level 1:colcon.colcon_core.package_identification:_identify(src) by extensions ['ros']
[0.190s] Level 1:colcon.colcon_core.package_identification:_identify(src) by extension 'ros'
[0.190s] Level 1:colcon.colcon_core.package_identification:_identify(src) by extensions ['cmake', 'python']
[0.190s] Level 1:colcon.colcon_core.package_identification:_identify(src) by extension 'cmake'
[0.191s] Level 1:colcon.colcon_core.package_identification:_identify(src) by extension 'python'
[0.191s] Level 1:colcon.colcon_core.package_identification:_identify(src) by extensions ['python_setup_py']
[0.191s] Level 1:colcon.colcon_core.package_identification:_identify(src) by extension 'python_setup_py'
[0.191s] Level 1:colcon.colcon_core.package_identification:_identify(src/mobile_robot) by extensions ['ignore', 'ignore_ament_install']
[0.191s] Level 1:colcon.colcon_core.package_identification:_identify(src/mobile_robot) by extension 'ignore'
[0.191s] Level 1:colcon.colcon_core.package_identification:_identify(src/mobile_robot) by extension 'ignore_ament_install'
[0.191s] Level 1:colcon.colcon_core.package_identification:_identify(src/mobile_robot) by extensions ['colcon_pkg']
[0.191s] Level 1:colcon.colcon_core.package_identification:_identify(src/mobile_robot) by extension 'colcon_pkg'
[0.191s] Level 1:colcon.colcon_core.package_identification:_identify(src/mobile_robot) by extensions ['colcon_meta']
[0.191s] Level 1:colcon.colcon_core.package_identification:_identify(src/mobile_robot) by extension 'colcon_meta'
[0.191s] Level 1:colcon.colcon_core.package_identification:_identify(src/mobile_robot) by extensions ['ros']
[0.191s] Level 1:colcon.colcon_core.package_identification:_identify(src/mobile_robot) by extension 'ros'
[0.194s] DEBUG:colcon.colcon_core.package_identification:Package 'src/mobile_robot' with type 'ros.ament_python' and name 'mobile_robot'
[0.194s] Level 1:colcon.colcon_core.package_discovery:discover_packages(recursive) using defaults
[0.194s] Level 1:colcon.colcon_core.package_discovery:discover_packages(ignore) discover
[0.194s] Level 1:colcon.colcon_core.package_discovery:discover_packages(ignore) using defaults
[0.194s] Level 1:colcon.colcon_core.package_discovery:discover_packages(path) discover
[0.194s] Level 1:colcon.colcon_core.package_discovery:discover_packages(path) using defaults
[0.212s] Level 1:colcon.colcon_core.package_discovery:discover_packages(prefix_path) check parameters
[0.212s] Level 1:colcon.colcon_core.package_discovery:discover_packages(prefix_path) discover
[0.215s] DEBUG:colcon.colcon_installed_package_information.package_discovery:Found 323 installed packages in /opt/ros/jazzy
[0.217s] Level 1:colcon.colcon_core.package_discovery:discover_packages(prefix_path) using defaults
[0.269s] Level 5:colcon.colcon_core.verb:set package 'mobile_robot' build argument 'cmake_args' from command line to 'None'
[0.269s] Level 5:colcon.colcon_core.verb:set package 'mobile_robot' build argument 'cmake_target' from command line to 'None'
[0.270s] Level 5:colcon.colcon_core.verb:set package 'mobile_robot' build argument 'cmake_target_skip_unavailable' from command line to 'False'
[0.270s] Level 5:colcon.colcon_core.verb:set package 'mobile_robot' build argument 'cmake_clean_cache' from command line to 'False'
[0.270s] Level 5:colcon.colcon_core.verb:set package 'mobile_robot' build argument 'cmake_clean_first' from command line to 'False'
[0.270s] Level 5:colcon.colcon_core.verb:set package 'mobile_robot' build argument 'cmake_force_configure' from command line to 'False'
[0.270s] Level 5:colcon.colcon_core.verb:set package 'mobile_robot' build argument 'ament_cmake_args' from command line to 'None'
[0.270s] Level 5:colcon.colcon_core.verb:set package 'mobile_robot' build argument 'catkin_cmake_args' from command line to 'None'
[0.270s] Level 5:colcon.colcon_core.verb:set package 'mobile_robot' build argument 'catkin_skip_building_tests' from command line to 'False'
[0.270s] DEBUG:colcon.colcon_core.verb:Building package 'mobile_robot' with the following arguments: {'ament_cmake_args': None, 'build_base': '/home/pouryajafari/ws_mobile/build/mobile_robot', 'catkin_cmake_args': None, 'catkin_skip_building_tests': False, 'cmake_args': None, 'cmake_clean_cache': False, 'cmake_clean_first': False, 'cmake_force_configure': False, 'cmake_target': None, 'cmake_target_skip_unavailable': False, 'install_base': '/home/pouryajafari/ws_mobile/install/mobile_robot', 'merge_install': False, 'path': '/home/pouryajafari/ws_mobile/src/mobile_robot', 'symlink_install': True, 'test_result_base': None}
[0.270s] INFO:colcon.colcon_core.executor:Executing jobs using 'parallel' executor
[0.271s] DEBUG:colcon.colcon_parallel_executor.executor.parallel:run_until_complete
[0.271s] INFO:colcon.colcon_ros.task.ament_python.build:Building ROS package in '/home/pouryajafari/ws_mobile/src/mobile_robot' with build type 'ament_python'
[0.271s] Level 1:colcon.colcon_core.shell:create_environment_hook('mobile_robot', 'ament_prefix_path')
[0.273s] INFO:colcon.colcon_core.plugin_system:Skipping extension 'colcon_core.shell.bat': Not used on non-Windows systems
[0.274s] INFO:colcon.colcon_core.shell:Creating environment hook '/home/pouryajafari/ws_mobile/install/mobile_robot/share/mobile_robot/hook/ament_prefix_path.ps1'
[0.274s] INFO:colcon.colcon_core.shell:Creating environment descriptor '/home/pouryajafari/ws_mobile/install/mobile_robot/share/mobile_robot/hook/ament_prefix_path.dsv'
[0.275s] INFO:colcon.colcon_core.shell:Creating environment hook '/home/pouryajafari/ws_mobile/install/mobile_robot/share/mobile_robot/hook/ament_prefix_path.sh'
[0.276s] INFO:colcon.colcon_core.shell:Skip shell extension 'powershell' for command environment: Not usable outside of PowerShell
[0.276s] DEBUG:colcon.colcon_core.shell:Skip shell extension 'dsv' for command environment
[0.528s] INFO:colcon.colcon_core.task.python.build:Building Python package in '/home/pouryajafari/ws_mobile/src/mobile_robot'
[0.528s] INFO:colcon.colcon_core.shell:Skip shell extension 'powershell' for command environment: Not usable outside of PowerShell
[0.528s] DEBUG:colcon.colcon_core.shell:Skip shell extension 'dsv' for command environment
[1.230s] DEBUG:colcon.colcon_core.task.python.build:While undoing a previous installation files outside the Python library path are being ignored: /home/pouryajafari/ws_mobile/install/mobile_robot/share/ament_index/resource_index/packages/mobile_robot
[1.230s] DEBUG:colcon.colcon_core.task.python.build:While undoing a previous installation files outside the Python library path are being ignored: /home/pouryajafari/ws_mobile/install/mobile_robot/share/mobile_robot/package.xml
[1.230s] DEBUG:colcon.colcon_core.task.python.build:While undoing a previous installation files outside the Python library path are being ignored: /home/pouryajafari/ws_mobile/install/mobile_robot/share/mobile_robot/launch/rviz.launch.py
[1.231s] DEBUG:colcon.colcon_core.task.python.build:While undoing a previous installation files outside the Python library path are being ignored: /home/pouryajafari/ws_mobile/install/mobile_robot/share/mobile_robot/launch/gazebo_model.launch.py
[1.231s] DEBUG:colcon.colcon_core.task.python.build:While undoing a previous installation files outside the Python library path are being ignored: /home/pouryajafari/ws_mobile/install/mobile_robot/share/mobile_robot/model/robot.gazebo
[1.231s] DEBUG:colcon.colcon_core.task.python.build:While undoing a previous installation files outside the Python library path are being ignored: /home/pouryajafari/ws_mobile/install/mobile_robot/share/mobile_robot/model/robot.xacro
[1.231s] DEBUG:colcon.colcon_core.task.python.build:While undoing a previous installation files outside the Python library path are being ignored: /home/pouryajafari/ws_mobile/install/mobile_robot/share/mobile_robot/parameters/bridge_parameters.yaml
[1.231s] DEBUG:colcon.colcon_core.task.python.build:While undoing a previous installation files outside the Python library path are being ignored: /home/pouryajafari/ws_mobile/install/mobile_robot/share/mobile_robot/worlds/my_world.sdf
[1.233s] DEBUG:colcon.colcon_core.event_handler.log_command:Invoking command in '/home/pouryajafari/ws_mobile/build/mobile_robot': DEBUGINFOD_URLS=https://debuginfod.ubuntu.com PYTHONPATH=/home/pouryajafari/ws_mobile/build/mobile_robot/prefix_override:/usr/lib/python3/dist-packages/colcon_core/task/python/colcon_distutils_commands:/home/pouryajafari/ws_mobile/install/mobile_robot/lib/python3.12/site-packages:${PYTHONPATH} /usr/bin/python3 -W ignore:setup.py install is deprecated -W ignore:easy_install command is deprecated setup.py develop --editable --build-directory /home/pouryajafari/ws_mobile/build/mobile_robot/build --no-deps symlink_data --force
[2.009s] Level 1:colcon.colcon_core.shell:create_environment_hook('mobile_robot', 'pythonpath_develop')
[2.009s] INFO:colcon.colcon_core.shell:Creating environment hook '/home/pouryajafari/ws_mobile/build/mobile_robot/share/mobile_robot/hook/pythonpath_develop.ps1'
[2.009s] DEBUG:colcon.colcon_core.event_handler.log_command:Invoked command in '/home/pouryajafari/ws_mobile/build/mobile_robot' returned '0': DEBUGINFOD_URLS=https://debuginfod.ubuntu.com PYTHONPATH=/home/pouryajafari/ws_mobile/build/mobile_robot/prefix_override:/usr/lib/python3/dist-packages/colcon_core/task/python/colcon_distutils_commands:/home/pouryajafari/ws_mobile/install/mobile_robot/lib/python3.12/site-packages:${PYTHONPATH} /usr/bin/python3 -W ignore:setup.py install is deprecated -W ignore:easy_install command is deprecated setup.py develop --editable --build-directory /home/pouryajafari/ws_mobile/build/mobile_robot/build --no-deps symlink_data --force
[2.010s] INFO:colcon.colcon_core.shell:Creating environment descriptor '/home/pouryajafari/ws_mobile/build/mobile_robot/share/mobile_robot/hook/pythonpath_develop.dsv'
[2.010s] INFO:colcon.colcon_core.shell:Creating environment hook '/home/pouryajafari/ws_mobile/build/mobile_robot/share/mobile_robot/hook/pythonpath_develop.sh'
[2.013s] Level 1:colcon.colcon_core.environment:checking '/home/pouryajafari/ws_mobile/install/mobile_robot' for CMake module files
[2.013s] Level 1:colcon.colcon_core.environment:checking '/home/pouryajafari/ws_mobile/install/mobile_robot' for CMake config files
[2.014s] Level 1:colcon.colcon_core.environment:checking '/home/pouryajafari/ws_mobile/install/mobile_robot/lib'
[2.014s] Level 1:colcon.colcon_core.environment:checking '/home/pouryajafari/ws_mobile/install/mobile_robot/bin'
[2.014s] Level 1:colcon.colcon_core.environment:checking '/home/pouryajafari/ws_mobile/install/mobile_robot/lib/pkgconfig/mobile_robot.pc'
[2.014s] Level 1:colcon.colcon_core.environment:checking '/home/pouryajafari/ws_mobile/install/mobile_robot/lib/python3.12/site-packages'
[2.015s] Level 1:colcon.colcon_core.shell:create_environment_hook('mobile_robot', 'pythonpath')
[2.015s] INFO:colcon.colcon_core.shell:Creating environment hook '/home/pouryajafari/ws_mobile/install/mobile_robot/share/mobile_robot/hook/pythonpath.ps1'
[2.015s] INFO:colcon.colcon_core.shell:Creating environment descriptor '/home/pouryajafari/ws_mobile/install/mobile_robot/share/mobile_robot/hook/pythonpath.dsv'
[2.015s] INFO:colcon.colcon_core.shell:Creating environment hook '/home/pouryajafari/ws_mobile/install/mobile_robot/share/mobile_robot/hook/pythonpath.sh'
[2.016s] Level 1:colcon.colcon_core.environment:checking '/home/pouryajafari/ws_mobile/install/mobile_robot/bin'
[2.016s] Level 1:colcon.colcon_core.environment:create_environment_scripts_only(mobile_robot)
[2.016s] INFO:colcon.colcon_core.shell:Creating package script '/home/pouryajafari/ws_mobile/install/mobile_robot/share/mobile_robot/package.ps1'
[2.017s] INFO:colcon.colcon_core.shell:Creating package descriptor '/home/pouryajafari/ws_mobile/install/mobile_robot/share/mobile_robot/package.dsv'
[2.018s] INFO:colcon.colcon_core.shell:Creating package script '/home/pouryajafari/ws_mobile/install/mobile_robot/share/mobile_robot/package.sh'
[2.018s] INFO:colcon.colcon_core.shell:Creating package script '/home/pouryajafari/ws_mobile/install/mobile_robot/share/mobile_robot/package.bash'
[2.019s] INFO:colcon.colcon_core.shell:Creating package script '/home/pouryajafari/ws_mobile/install/mobile_robot/share/mobile_robot/package.zsh'
[2.020s] Level 1:colcon.colcon_core.environment:create_file_with_runtime_dependencies(/home/pouryajafari/ws_mobile/install/mobile_robot/share/colcon-core/packages/mobile_robot)
[2.020s] DEBUG:colcon.colcon_parallel_executor.executor.parallel:closing loop
[2.021s] DEBUG:colcon.colcon_parallel_executor.executor.parallel:loop closed
[2.021s] DEBUG:colcon.colcon_parallel_executor.executor.parallel:run_until_complete finished with '0'
[2.021s] DEBUG:colcon.colcon_core.event_reactor:joining thread
[2.027s] INFO:colcon.colcon_core.plugin_system:Skipping extension 'colcon_notification.desktop_notification.terminal_notifier': Not used on non-Darwin systems
[2.027s] INFO:colcon.colcon_core.plugin_system:Skipping extension 'colcon_notification.desktop_notification.win32': Not used on non-Windows systems
[2.028s] INFO:colcon.colcon_notification.desktop_notification:Sending desktop notification using 'notify2'
[2.054s] DEBUG:colcon.colcon_core.event_reactor:joined thread
[2.054s] INFO:colcon.colcon_core.shell:Creating prefix script '/home/pouryajafari/ws_mobile/install/local_setup.ps1'
[2.055s] INFO:colcon.colcon_core.shell:Creating prefix util module '/home/pouryajafari/ws_mobile/install/_local_setup_util_ps1.py'
[2.056s] INFO:colcon.colcon_core.shell:Creating prefix chain script '/home/pouryajafari/ws_mobile/install/setup.ps1'
[2.057s] INFO:colcon.colcon_core.shell:Creating prefix script '/home/pouryajafari/ws_mobile/install/local_setup.sh'
[2.058s] INFO:colcon.colcon_core.shell:Creating prefix util module '/home/pouryajafari/ws_mobile/install/_local_setup_util_sh.py'
[2.058s] INFO:colcon.colcon_core.shell:Creating prefix chain script '/home/pouryajafari/ws_mobile/install/setup.sh'
[2.060s] INFO:colcon.colcon_core.shell:Creating prefix script '/home/pouryajafari/ws_mobile/install/local_setup.bash'
[2.060s] INFO:colcon.colcon_core.shell:Creating prefix chain script '/home/pouryajafari/ws_mobile/install/setup.bash'
[2.061s] INFO:colcon.colcon_core.shell:Creating prefix script '/home/pouryajafari/ws_mobile/install/local_setup.zsh'
[2.062s] INFO:colcon.colcon_core.shell:Creating prefix chain script '/home/pouryajafari/ws_mobile/install/setup.zsh'
